[2026-03-25 11:40:02] [INFO] [WebSocket] Frontend Connected: Client 43gb7davdw3
[2026-03-25 11:40:02] [INFO] [WebSocket] Frontend Connected: Client l4g07xlzdbr
[2026-03-25 11:40:02] [INFO] [WebSocket] Frontend Connected: Client q0x8yt2zqci
[2026-03-25 11:40:02] [INFO] [WebSocket] Frontend Connected: Client v92wcm8q1z
[2026-03-25 11:40:02] [INFO] [WebSocket] Frontend Connected: Client cxmya6zrd1
[2026-03-25 11:40:02] [INFO] [WebSocket] Frontend Connected: Client jxgaq71dzml
[2026-03-25 11:40:02] [INFO] [WebSocket] Frontend Connected: Client uc78i3lfpbl
[2026-03-25 11:40:02] [INFO] [WebSocket] Frontend Connected: Client gvqaka3j6xi
[2026-03-25 11:40:03] [INFO] [WebSocket] Frontend Disconnected: Client gvqaka3j6xi
[2026-03-25 11:40:04] [INFO] [WebSocket] Frontend Connected: Client eqkhpcab7m6
[2026-03-25 11:40:04] [INFO] [WebSocket] Frontend Connected: Client cpki3mh6m4c
[2026-03-25 11:40:08] [INFO] [WebSocket] PythonConnected: Python MT5 server connected
[2026-03-25 11:40:09] [INFO] [WebSocket] PythonStatus: MT5 status: connected
[2026-03-25 11:40:09] [INFO] [WebSocket] PythonStatus: MT5 status: connected
[2026-03-25 11:40:09] [INFO] [WebSocket] Frontend Connected: Client mgmqqgtcf49
[2026-03-25 11:40:09] [INFO] [WebSocket] Frontend Disconnected: Client mgmqqgtcf49
[2026-03-25 11:40:09] [INFO] [WebSocket] Frontend Connected: Client 8vvmyzrrga3
[2026-03-25 11:40:10] [INFO] [WebSocket] Frontend Connected: Client w27v7fu0das
[2026-03-25 11:40:10] [INFO] [WebSocket] Frontend Connected: Client wzmrmzgda9
[2026-03-25 12:16:12] [INFO] [WebSocket] Frontend Connected: Client gymmdu2j3wb
[2026-03-25 12:16:12] [INFO] [WebSocket] Frontend Connected: Client m3umaxllcus
[2026-03-25 12:16:14] [INFO] [WebSocket] Frontend Connected: Client d1kex9zvbw
[2026-03-25 12:16:14] [INFO] [WebSocket] Frontend Connected: Client xatse8jpffo
[2026-03-25 12:16:18] [INFO] [WebSocket] Frontend Disconnected: Client m3umaxllcus
[2026-03-25 12:16:22] [INFO] [WebSocket] Frontend Connected: Client m9j8rqve0g
[2026-03-25 12:16:24] [INFO] [WebSocket] PythonConnected: Python MT5 server connected
[2026-03-25 12:16:24] [INFO] [WebSocket] Frontend Connected: Client 138f0f1ute6g
[2026-03-25 12:16:25] [INFO] [WebSocket] PythonStatus: MT5 status: connected
[2026-03-25 12:16:25] [INFO] [WebSocket] PythonStatus: MT5 status: connected
[2026-03-25 12:16:26] [INFO] [WebSocket] Frontend Connected: Client e7m51fi4uru
[2026-03-25 12:16:27] [INFO] [WebSocket] Frontend Connected: Client pqwsuxmbw
[2026-03-25 12:16:28] [INFO] [WebSocket] Frontend Connected: Client ie5fqxkdtis
[2026-03-25 12:16:29] [INFO] [WebSocket] Frontend Connected: Client 48wdbxheoo9
[2026-03-25 12:16:29] [INFO] [WebSocket] Frontend Connected: Client vk5xv15d78q
[2026-03-25 12:16:29] [INFO] [WebSocket] Frontend Connected: Client b6z2z7qcrp9
[2026-03-25 12:17:02] [INFO] [WebSocket] Frontend Disconnected: Client 138f0f1ute6g
[2026-03-25 12:17:02] [INFO] [WebSocket] Frontend Disconnected: Client ie5fqxkdtis
[2026-03-25 12:17:02] [INFO] [WebSocket] Frontend Disconnected: Client 48wdbxheoo9
[2026-03-25 12:17:02] [INFO] [WebSocket] Frontend Disconnected: Client e7m51fi4uru
[2026-03-25 12:17:02] [INFO] [WebSocket] Frontend Disconnected: Client vk5xv15d78q
[2026-03-25 12:17:02] [INFO] [WebSocket] Frontend Disconnected: Client b6z2z7qcrp9
[2026-03-25 12:17:02] [INFO] [WebSocket] Frontend Disconnected: Client pqwsuxmbw
[2026-03-25 12:17:02] [INFO] [WebSocket] Frontend Disconnected: Client m9j8rqve0g
[2026-03-25 12:17:04] [INFO] [WebSocket] Frontend Connected: Client kw1ax372p99
[2026-03-25 12:17:06] [INFO] [WebSocket] Frontend Connected: Client yfvpt1lwbtr
[2026-03-25 12:17:06] [INFO] [WebSocket] Frontend Connected: Client 268xnx1mkto
[2026-03-25 12:17:06] [INFO] [WebSocket] Frontend Connected: Client gorngxa29vm
[2026-03-25 12:17:09] [INFO] [WebSocket] Frontend Disconnected: Client 268xnx1mkto
[2026-03-25 12:17:11] [INFO] [WebSocket] PythonStatus: MT5 status: connected
[2026-03-25 12:17:13] [INFO] [WebSocket] Frontend Connected: Client 6qsudk9n8dn
[2026-03-25 12:17:14] [INFO] [WebSocket] Frontend Connected: Client 92khrxfanj
[2026-03-25 12:17:15] [INFO] [WebSocket] Frontend Connected: Client tddojvmulw
[2026-03-25 12:17:15] [INFO] [WebSocket] Frontend Connected: Client k89iy6terh
[2026-03-25 12:17:15] [INFO] [WebSocket] Frontend Connected: Client otcw17xaq0h
[2026-03-25 12:19:29] [INFO] [WebSocket] Frontend Connected: Client 0xanghsfep8c
[2026-03-25 12:19:29] [INFO] [WebSocket] Frontend Connected: Client l2b4gr2rit
[2026-03-25 12:19:29] [INFO] [WebSocket] Frontend Disconnected: Client 0xanghsfep8c
[2026-03-25 12:19:29] [INFO] [WebSocket] Frontend Connected: Client 3cfhqn3126
[2026-03-25 12:58:07] [INFO] [WebSocket] Frontend Disconnected: Client 3cfhqn3126
[2026-03-25 12:58:07] [INFO] [WebSocket] Frontend Connected: Client hnryxl1lpwf
[2026-03-25 12:58:07] [INFO] [WebSocket] Frontend Connected: Client bcbd3c3on84
[2026-03-25 12:58:19] [INFO] [WebSocket] Frontend Connected: Client d0gr8atljg
[2026-03-25 12:58:35] [INFO] [WebSocket] Frontend Disconnected: Client d0gr8atljg
[2026-03-25 12:58:35] [INFO] [WebSocket] Frontend Connected: Client g5f63ok228v
[2026-03-25 12:58:35] [INFO] [WebSocket] Frontend Disconnected: Client g5f63ok228v
[2026-03-25 12:58:35] [INFO] [WebSocket] Frontend Connected: Client j5dsmcw5lci
[2026-03-25 12:58:35] [INFO] [WebSocket] Frontend Connected: Client 386e05kz8oz
[2026-03-25 12:58:46] [INFO] [WebSocket] Frontend Disconnected: Client 386e05kz8oz
[2026-03-25 12:58:47] [INFO] [WebSocket] Frontend Connected: Client mvcp5yanpra
[2026-03-25 12:58:50] [INFO] [WebSocket] PythonConnected: Python MT5 server connected
[2026-03-25 12:58:51] [INFO] [WebSocket] PythonStatus: MT5 status: connected
[2026-03-25 12:58:52] [INFO] [WebSocket] PythonStatus: MT5 status: connected
[2026-03-25 12:58:52] [INFO] [WebSocket] Frontend Connected: Client sibmaycp82
[2026-03-25 12:58:52] [INFO] [WebSocket] Frontend Disconnected: Client sibmaycp82
[2026-03-25 12:58:52] [INFO] [WebSocket] Frontend Connected: Client yzh3iucrdb
[2026-03-25 12:58:52] [INFO] [WebSocket] Frontend Connected: Client cgl2ld4q7i5
[2026-03-25 13:09:43] [INFO] [WebSocket] Frontend Connected: Client ah7ku0rb2er
[2026-03-25 13:09:44] [INFO] [WebSocket] Frontend Connected: Client ufxhg8hei3p
[2026-03-25 13:09:45] [INFO] [WebSocket] Frontend Connected: Client ro1heq87gd
[2026-03-25 13:09:46] [INFO] [WebSocket] PythonConnected: Python MT5 server connected
[2026-03-25 13:09:47] [INFO] [WebSocket] PythonStatus: MT5 status: connected
[2026-03-25 13:09:47] [INFO] [WebSocket] PythonStatus: MT5 status: connected
[2026-03-25 13:09:48] [INFO] [WebSocket] Frontend Connected: Client dq2mwcuj7lh
[2026-03-25 13:09:48] [INFO] [WebSocket] Frontend Connected: Client 5mcsagj114l
[2026-03-25 13:09:48] [INFO] [WebSocket] Frontend Connected: Client oysc6cmqouk
[2026-03-25 13:09:48] [INFO] [WebSocket] Frontend Connected: Client qj4nz1q4ue9
[2026-03-25 13:09:49] [INFO] [WebSocket] Frontend Connected: Client 6uikl58iu8w
[2026-03-25 13:09:49] [INFO] [WebSocket] Frontend Connected: Client pr4mnmrs7tg
[2026-03-25 13:09:51] [INFO] [WebSocket] Frontend Connected: Client vysj83jizcc
[2026-03-25 13:10:01] [INFO] [WebSocket] Frontend Disconnected: Client 6uikl58iu8w
[2026-03-25 13:10:02] [INFO] [WebSocket] Frontend Connected: Client r152l08bny
[2026-03-25 13:14:31] [INFO] [WebSocket] Frontend Connected: Client roi5an1uxj
[2026-03-25 13:14:31] [INFO] [WebSocket] Frontend Connected: Client sg5klb2z2qr
[2026-03-25 13:14:32] [INFO] [WebSocket] Frontend Connected: Client ymqhdsrmxvq
[2026-03-25 13:15:34] [INFO] [WebSocket] Frontend Disconnected: Client roi5an1uxj
[2026-03-25 13:15:34] [INFO] [WebSocket] Frontend Disconnected: Client ymqhdsrmxvq
[2026-03-25 13:15:34] [INFO] [WebSocket] Frontend Disconnected: Client sg5klb2z2qr
[2026-03-25 13:15:42] [INFO] [WebSocket] PythonConnected: Python MT5 server connected
[2026-03-25 13:15:43] [INFO] [WebSocket] PythonStatus: MT5 status: connected
[2026-03-25 13:15:43] [INFO] [WebSocket] PythonStatus: MT5 status: connected
[2026-03-25 13:15:43] [INFO] [WebSocket] Frontend Connected: Client tartrxzpi3
[2026-03-25 13:15:43] [INFO] [WebSocket] Frontend Disconnected: Client tartrxzpi3
[2026-03-25 13:15:43] [INFO] [WebSocket] Frontend Connected: Client jbzxhwc0h7e
[2026-03-25 13:15:43] [INFO] [WebSocket] Frontend Connected: Client kso5b7zd4vn
[2026-03-25 13:15:43] [INFO] [WebSocket] Frontend Connected: Client 1kl94t552va
[2026-03-25 13:16:56] [INFO] [WebSocket] Frontend Connected: Client uhmgez3scbr
[2026-03-25 13:16:56] [INFO] [WebSocket] PythonConnected: Python MT5 server connected
[2026-03-25 13:16:57] [INFO] [WebSocket] PythonConnected: Python MT5 server connected
[2026-03-25 13:16:57] [INFO] [WebSocket] Frontend Connected: Client l8pvlilq44
[2026-03-25 13:16:57] [INFO] [WebSocket] Frontend Connected: Client 15cztqd5iuy
[2026-03-25 13:16:57] [INFO] [WebSocket] Frontend Connected: Client pr6o4h3i1a
[2026-03-25 13:18:09] [INFO] [WebSocket] PythonConnected: Python MT5 server connected
[2026-03-25 13:18:09] [INFO] [WebSocket] Frontend Connected: Client jbycvx0h32
[2026-03-25 13:21:53] [INFO] [WebSocket] Frontend Connected: Client 39eejcr6bk2
[2026-03-25 13:21:53] [INFO] [WebSocket] Frontend Disconnected: Client 39eejcr6bk2
[2026-03-25 13:21:53] [INFO] [WebSocket] Frontend Connected: Client nbk4rl37aa
[2026-03-25 13:21:53] [INFO] [WebSocket] Frontend Connected: Client xgzy94a6nrk
[2026-03-25 13:22:13] [INFO] [WebSocket] Frontend Connected: Client 943bq7ltcdf
[2026-03-25 13:22:19] [INFO] [WebSocket] Frontend Disconnected: Client 943bq7ltcdf
[2026-03-25 13:22:20] [INFO] [WebSocket] Frontend Connected: Client gxooaxigj6
[2026-03-25 13:22:20] [INFO] [WebSocket] Frontend Disconnected: Client gxooaxigj6
[2026-03-25 13:22:20] [INFO] [WebSocket] Frontend Connected: Client 25wtq9fg6dkj
[2026-03-25 13:22:20] [INFO] [WebSocket] Frontend Connected: Client 36owxaqyfqh
[2026-03-25 13:22:23] [INFO] [WebSocket] Frontend Disconnected: Client 36owxaqyfqh
[2026-03-25 13:22:24] [INFO] [WebSocket] Frontend Connected: Client ne0vre0drz
[2026-03-25 13:22:26] [INFO] [WebSocket] PythonConnected: Python MT5 server connected
[2026-03-25 13:22:28] [INFO] [WebSocket] PythonStatus: MT5 status: connected
[2026-03-25 13:22:28] [INFO] [WebSocket] PythonStatus: MT5 status: connected
[2026-03-25 13:22:28] [INFO] [WebSocket] Frontend Connected: Client mlnjjxsmp5
[2026-03-25 13:22:28] [INFO] [WebSocket] Frontend Disconnected: Client mlnjjxsmp5
[2026-03-25 13:22:28] [INFO] [WebSocket] Frontend Connected: Client bhqmfy72vzv
[2026-03-25 13:22:28] [INFO] [WebSocket] Frontend Connected: Client 3mtxtlmrp9v
[2026-03-25 13:46:24] [INFO] [WebSocket] PythonConnected: Python MT5 server connected
[2026-03-25 13:46:25] [INFO] [WebSocket] PythonStatus: MT5 status: connected
[2026-03-25 13:46:25] [INFO] [WebSocket] PythonStatus: MT5 status: connected
[2026-03-25 13:46:26] [INFO] [WebSocket] Frontend Connected: Client tjhpj9y7ubb
[2026-03-25 14:09:51] [INFO] [WebSocket] PythonConnected: Python MT5 server connected
[2026-03-25 14:09:53] [INFO] [WebSocket] PythonStatus: MT5 status: connected
[2026-03-25 14:09:53] [INFO] [WebSocket] PythonStatus: MT5 status: connected
[2026-03-25 14:09:53] [INFO] [WebSocket] Frontend Connected: Client csud74enjyo
[2026-03-25 14:09:53] [INFO] [WebSocket] Frontend Disconnected: Client csud74enjyo
[2026-03-25 14:09:53] [INFO] [WebSocket] Frontend Connected: Client ovnddb4050j
[2026-03-25 14:09:53] [INFO] [WebSocket] Frontend Connected: Client 4sz9en134uk
[2026-03-25 14:11:22] [INFO] [WebSocket] Frontend Connected: Client u76nwcewa9i
[2026-03-25 14:11:22] [INFO] [WebSocket] Frontend Connected: Client swz35fd75pm
[2026-03-25 14:11:26] [INFO] [WebSocket] Frontend Disconnected: Client swz35fd75pm
[2026-03-25 14:11:26] [INFO] [WebSocket] Frontend Disconnected: Client u76nwcewa9i
[2026-03-25 14:11:27] [INFO] [WebSocket] Frontend Connected: Client 6iupxlo5yab
[2026-03-25 14:11:27] [INFO] [WebSocket] Frontend Disconnected: Client 6iupxlo5yab
[2026-03-25 14:11:27] [INFO] [WebSocket] Frontend Connected: Client csa55gbxu0m
[2026-03-25 14:11:27] [INFO] [WebSocket] Frontend Connected: Client ei102tcqfdf
[2026-03-25 14:11:31] [INFO] [WebSocket] Frontend Disconnected: Client csa55gbxu0m
[2026-03-25 14:11:31] [INFO] [WebSocket] Frontend Disconnected: Client ei102tcqfdf
[2026-03-25 14:11:31] [INFO] [WebSocket] Frontend Connected: Client tqgcp6teddj
[2026-03-25 14:11:31] [INFO] [WebSocket] Frontend Disconnected: Client tqgcp6teddj
[2026-03-25 14:11:31] [INFO] [WebSocket] Frontend Connected: Client 3h74xvd77zb
[2026-03-25 14:11:31] [INFO] [WebSocket] Frontend Connected: Client wcksbxslioi
[2026-03-25 14:11:35] [INFO] [WebSocket] Frontend Disconnected: Client wcksbxslioi
[2026-03-25 14:11:36] [INFO] [WebSocket] Frontend Connected: Client nb3s0j0eul
[2026-03-25 14:11:38] [INFO] [WebSocket] PythonConnected: Python MT5 server connected
[2026-03-25 14:11:39] [INFO] [WebSocket] PythonStatus: MT5 status: connected
[2026-03-25 14:11:40] [INFO] [WebSocket] PythonStatus: MT5 status: connected
[2026-03-25 14:11:40] [INFO] [WebSocket] Frontend Connected: Client kclbm632hbk
[2026-03-25 14:11:40] [INFO] [WebSocket] Frontend Disconnected: Client kclbm632hbk
[2026-03-25 14:11:40] [INFO] [WebSocket] Frontend Connected: Client i3sxp9y402
[2026-03-25 14:11:40] [INFO] [WebSocket] Frontend Connected: Client 7us96omigtu
[2026-03-25 14:11:56] [INFO] [WebSocket] Frontend Disconnected: Client i3sxp9y402
[2026-03-25 14:11:56] [INFO] [WebSocket] Frontend Disconnected: Client 3h74xvd77zb
[2026-03-25 14:11:56] [INFO] [WebSocket] Frontend Disconnected: Client 7us96omigtu
[2026-03-25 14:11:56] [INFO] [WebSocket] Frontend Disconnected: Client nb3s0j0eul
[2026-03-25 14:11:57] [INFO] [WebSocket] Frontend Connected: Client 87gwemrlifp
[2026-03-25 14:11:57] [INFO] [WebSocket] Frontend Disconnected: Client 87gwemrlifp
[2026-03-25 14:11:57] [INFO] [WebSocket] Frontend Connected: Client 0d6safl2vmyf
[2026-03-25 14:11:57] [INFO] [WebSocket] Frontend Connected: Client t7czeailtx
